<?xml version="1.0" encoding="UTF-8"?>
<!-- Generated by org.testng.reporters.JUnitXMLReporter -->
<testsuite ignored="0" hostname="DESKTOP-P8R4JQ7" failures="1" tests="8" name="Test" time="172.147" errors="0" timestamp="2023-11-28T03:47:35 IST">
  <testcase classname="apisfree.testcases.HomePage_SampleScanTest" name="SampleScanLinkTest" time="3.107"/>
  <testcase classname="apisfree.testcases.HomePage_SampleSpecAnalysisTest" name="SampleSpecAnalysisLinkTest" time="1.009"/>
  <testcase classname="apisfree.testcases.HomePage_SpecUrlTest" name="validateSpecUrlAndRunTest" time="54.293">
    <failure type="java.lang.AssertionError" message="expected [true] but found [false]">
      <![CDATA[java.lang.AssertionError: expected [true] but found [false]
at apisfree.testcases.HomePage_SpecUrlTest.validateSpecUrlAndRunTest(HomePage_SpecUrlTest.java:38)
at java.base/java.util.ArrayList.forEach(ArrayList.java:1511)
... Removed 31 stack frames]]>
    </failure>
  </testcase> <!-- validateSpecUrlAndRunTest -->
  <testcase classname="apisfree.testcases.HomePage_UIValidationTest" name="EmailTextboxTextTest" time="0.036"/>
  <testcase classname="apisfree.testcases.HomePage_UIValidationTest" name="SpecTextboxTextTest" time="0.061"/>
  <testcase classname="apisfree.testcases.HomePage_UIValidationTest" name="validateSampleScanLinkTest" time="0.04"/>
  <testcase classname="apisfree.testcases.HomePage_UIValidationTest" name="validateSampleSpecAnalysisLinkTest" time="0.042"/>
  <testcase classname="apisfree.testcases.HomePage_SpecFileTest" name="validateSpecFile" time="87.55"/>
</testsuite> <!-- Test -->
